============================= test session starts ==============================
platform linux -- Python 3.12.3, pytest-8.4.1, pluggy-1.6.0 -- /mnt/c/views/TopoConvert/venv/bin/python
cachedir: .pytest_cache
rootdir: /mnt/c/views/TopoConvert
configfile: pyproject.toml
testpaths: tests
plugins: cov-6.2.1
collecting ... collected 329 items

tests/test_core_contours.py::test_contours_module_exists PASSED          [  0%]
tests/test_core_contours.py::test_generate_contours_validates_input PASSED [  0%]
tests/test_core_contours.py::test_generate_contours_validates_parameters PASSED [  0%]
tests/test_core_contours.py::test_generate_contours_with_sample_data PASSED [  1%]
tests/test_core_contours.py::test_generate_contours_progress_callback PASSED [  1%]
tests/test_core_contours.py::test_generate_contours_error_handling PASSED [  1%]
tests/test_core_contours.py::test_generate_contours_output_formats PASSED [  2%]
tests/test_core_contours.py::test_generate_contours_coordinate_systems PASSED [  2%]
tests/test_core_contours.py::test_generate_contours_sparse_data_handling PASSED [  2%]
tests/test_core_csv_kml.py::test_csv_kml_module_exists PASSED            [  3%]
tests/test_core_csv_kml.py::test_convert_csv_to_kml_validates_input PASSED [  3%]
tests/test_core_csv_kml.py::test_convert_csv_to_kml_validates_parameters PASSED [  3%]
tests/test_core_csv_kml.py::test_convert_csv_to_kml_with_sample_data PASSED [  3%]
tests/test_core_csv_kml.py::test_convert_csv_to_kml_custom_columns PASSED [  4%]
tests/test_core_csv_kml.py::test_convert_csv_to_kml_empty_csv PASSED     [  4%]
tests/test_core_csv_kml.py::test_convert_csv_to_kml_missing_columns PASSED [  4%]
tests/test_core_csv_kml.py::test_convert_csv_to_kml_invalid_coordinates PASSED [  5%]
tests/test_core_csv_kml.py::test_convert_csv_to_kml_styling_options PASSED [  5%]
tests/test_core_csv_kml.py::test_convert_csv_to_kml_elevation_units PASSED [  5%]
tests/test_core_csv_kml.py::test_convert_csv_to_kml_missing_elevation_graceful PASSED [  6%]
tests/test_core_module.py::test_core_module_exists PASSED                [  6%]
tests/test_core_module.py::test_core_module_has_init PASSED              [  6%]
tests/test_core_module.py::test_core_exceptions_module PASSED            [  6%]
tests/test_core_module.py::test_core_utils_module PASSED                 [  7%]
tests/test_core_module.py::test_exception_inheritance PASSED             [  7%]
tests/test_core_utils.py::TestValidateFilePath::test_valid_existing_file PASSED [  7%]
tests/test_core_utils.py::TestValidateFilePath::test_valid_non_existing_file PASSED [  8%]
tests/test_core_utils.py::TestValidateFilePath::test_file_not_found_error PASSED [  8%]
tests/test_core_utils.py::TestValidateFilePath::test_invalid_path PASSED [  8%]
tests/test_core_utils.py::TestEnsureFileExtension::test_add_extension PASSED [  9%]
tests/test_core_utils.py::TestEnsureFileExtension::test_correct_extension PASSED [  9%]
tests/test_core_utils.py::TestEnsureFileExtension::test_replace_extension PASSED [  9%]
tests/test_core_utils.py::TestEnsureFileExtension::test_case_insensitive PASSED [ 10%]
tests/test_core_utils.py::TestConvertElevationUnits::test_same_units PASSED [ 10%]
tests/test_core_utils.py::TestConvertElevationUnits::test_meters_to_feet PASSED [ 10%]
tests/test_core_utils.py::TestConvertElevationUnits::test_feet_to_meters PASSED [ 10%]
tests/test_core_utils.py::TestConvertElevationUnits::test_negative_values PASSED [ 11%]
tests/test_core_utils.py::TestConvertElevationUnits::test_invalid_units PASSED [ 11%]
tests/test_core_utils.py::TestUnitConversionHelpers::test_meters_to_feet PASSED [ 11%]
tests/test_core_utils.py::TestUnitConversionHelpers::test_feet_to_meters PASSED [ 12%]
tests/test_core_utils.py::TestUnitConversionHelpers::test_round_trip_conversion PASSED [ 12%]
tests/test_core_utils.py::TestParseColorString::test_valid_color PASSED  [ 12%]
tests/test_core_utils.py::TestParseColorString::test_mixed_colors PASSED [ 13%]
tests/test_core_utils.py::TestParseColorString::test_invalid_length PASSED [ 13%]
tests/test_core_utils.py::TestParseColorString::test_invalid_hex PASSED  [ 13%]
tests/test_core_utils.py::TestFormatCoordinates::test_default_precision PASSED [ 13%]
tests/test_core_utils.py::TestFormatCoordinates::test_custom_precision PASSED [ 14%]
tests/test_core_utils.py::TestFormatCoordinates::test_large_numbers PASSED [ 14%]
tests/test_core_utils.py::TestFormatCoordinates::test_zero_values PASSED [ 14%]
tests/test_core_utils.py::TestCalculateBounds::test_2d_points PASSED     [ 15%]
tests/test_core_utils.py::TestCalculateBounds::test_3d_points PASSED     [ 15%]
tests/test_core_utils.py::TestCalculateBounds::test_single_point PASSED  [ 15%]
tests/test_core_utils.py::TestCalculateBounds::test_negative_coordinates PASSED [ 16%]
tests/test_core_utils.py::TestCalculateBounds::test_empty_points PASSED  [ 16%]
tests/test_core_utils.py::TestCalculateBounds::test_numpy_array_input PASSED [ 16%]
tests/test_core_utils.py::TestCreateProgressCallback::test_create_with_show_true PASSED [ 17%]
tests/test_core_utils.py::TestCreateProgressCallback::test_create_with_show_false PASSED [ 17%]
tests/test_core_utils.py::TestCreateProgressCallback::test_default_parameters PASSED [ 17%]
tests/test_csv_to_kml.py::TestCsvToKml::test_command_exists PASSED       [ 17%]
tests/test_csv_to_kml.py::TestCsvToKml::test_basic_conversion PASSED     [ 18%]
tests/test_csv_to_kml.py::TestCsvToKml::test_custom_columns PASSED       [ 18%]
tests/test_csv_to_kml.py::TestCsvToKml::test_label_option PASSED         [ 18%]
tests/test_csv_to_kml.py::TestCsvToKml::test_elevation_units_conversion PASSED [ 19%]
tests/test_csv_to_kml.py::TestCsvToKml::test_point_styling_options PASSED [ 19%]
tests/test_csv_to_kml.py::TestCsvToKml::test_kml_name_option PASSED      [ 19%]
tests/test_csv_to_kml.py::TestCsvToKml::test_invalid_csv_file PASSED     [ 20%]
tests/test_csv_to_kml.py::TestCsvToKml::test_missing_required_columns PASSED [ 20%]
tests/test_csv_to_kml.py::TestCsvToKml::test_invalid_point_style PASSED  [ 20%]
tests/test_csv_to_kml.py::TestConvertCsvToKmlCoreFunction::test_convert_csv_to_kml_basic PASSED [ 20%]
tests/test_csv_to_kml.py::TestConvertCsvToKmlCoreFunction::test_convert_csv_to_kml_with_options PASSED [ 21%]
tests/test_csv_to_kml.py::TestConvertCsvToKmlCoreFunction::test_convert_csv_to_kml_nonexistent_file PASSED [ 21%]
tests/test_csv_to_kml.py::TestConvertCsvToKmlCoreFunction::test_convert_csv_to_kml_empty_csv PASSED [ 21%]
tests/test_csv_to_kml.py::TestConvertCsvToKmlCoreFunction::test_convert_csv_to_kml_invalid_coordinates PASSED [ 22%]
tests/test_csv_to_kml.py::TestConvertCsvToKmlCoreFunction::test_convert_csv_to_kml_custom_columns PASSED [ 22%]
tests/test_csv_to_kml.py::TestConvertCsvToKmlCoreFunction::test_convert_csv_to_kml_missing_elevation PASSED [ 22%]
tests/test_gps_grid.py::TestGpsGridCommand::test_command_exists PASSED   [ 23%]
tests/test_gps_grid.py::TestGpsGridCommand::test_command_arguments_and_options PASSED [ 23%]
tests/test_gps_grid.py::TestGpsGridCommand::test_basic_gps_grid_generation_kml PASSED [ 23%]
tests/test_gps_grid.py::TestGpsGridCommand::test_gps_grid_from_csv_boundary PASSED [ 24%]
tests/test_gps_grid.py::TestGpsGridCommand::test_gps_grid_from_csv_extent PASSED [ 24%]
tests/test_gps_grid.py::TestGpsGridCommand::test_gps_grid_with_auto_detect PASSED [ 24%]
tests/test_gps_grid.py::TestGpsGridCommand::test_gps_grid_with_different_point_styles PASSED [ 24%]
tests/test_gps_grid.py::TestGpsGridCommand::test_gps_grid_with_custom_grid_name PASSED [ 25%]
tests/test_gps_grid.py::TestGpsGridCommand::test_gps_grid_with_concave_boundary PASSED [ 25%]
tests/test_gps_grid.py::TestGpsGridCommand::test_gps_grid_with_different_spacing PASSED [ 25%]
tests/test_gps_grid.py::TestGpsGridCommand::test_invalid_input_file PASSED [ 26%]
tests/test_gps_grid.py::TestGpsGridCommand::test_invalid_input_type PASSED [ 26%]
tests/test_gps_grid.py::TestGpsGridCommand::test_csv_without_required_columns PASSED [ 26%]
tests/test_gps_grid.py::TestGpsGridCoreFunction::test_generate_gps_grid_basic PASSED [ 27%]
tests/test_gps_grid.py::TestGpsGridCoreFunction::test_generate_gps_grid_with_csv_boundary PASSED [ 27%]
tests/test_gps_grid.py::TestGpsGridCoreFunction::test_generate_gps_grid_nonexistent_file PASSED [ 27%]
tests/test_gps_grid.py::TestGpsGridCoreFunction::test_generate_gps_grid_invalid_parameters PASSED [ 27%]
tests/test_gps_grid.py::TestGpsGridUtilityFunctions::test_parse_coordinates_kml PASSED [ 28%]
tests/test_gps_grid.py::TestGpsGridUtilityFunctions::test_extract_polygon_from_kml PASSED [ 28%]
tests/test_gps_grid.py::TestGpsGridUtilityFunctions::test_read_csv_points PASSED [ 28%]
tests/test_gps_grid.py::TestGpsGridUtilityFunctions::test_read_csv_points_missing_columns PASSED [ 29%]
tests/test_gps_grid.py::TestGpsGridUtilityFunctions::test_create_boundary_from_csv_convex PASSED [ 29%]
tests/test_gps_grid.py::TestGpsGridUtilityFunctions::test_create_extent_boundary_from_csv PASSED [ 29%]
tests/test_gps_grid.py::TestGpsGridUtilityFunctions::test_generate_grid_within_polygon PASSED [ 30%]
tests/test_gps_grid.py::TestGpsGridUtilityFunctions::test_generate_grid_with_small_polygon PASSED [ 30%]
tests/test_gps_grid.py::TestGpsGridUtilityFunctions::test_generate_grid_insufficient_boundary_points PASSED [ 30%]
tests/test_kml_contours_to_dxf.py::TestKmlContoursToDxfCommand::test_command_exists PASSED [ 31%]
tests/test_kml_contours_to_dxf.py::TestKmlContoursToDxfCommand::test_command_arguments_and_options PASSED [ 31%]
tests/test_kml_contours_to_dxf.py::TestKmlContoursToDxfCommand::test_basic_kml_contours_conversion PASSED [ 31%]
tests/test_kml_contours_to_dxf.py::TestKmlContoursToDxfCommand::test_kml_contours_with_elevation_units PASSED [ 31%]
tests/test_kml_contours_to_dxf.py::TestKmlContoursToDxfCommand::test_kml_contours_with_labels PASSED [ 32%]
tests/test_kml_contours_to_dxf.py::TestKmlContoursToDxfCommand::test_kml_contours_with_label_height PASSED [ 32%]
tests/test_kml_contours_to_dxf.py::TestKmlContoursToDxfCommand::test_kml_contours_with_translation PASSED [ 32%]
tests/test_kml_contours_to_dxf.py::TestKmlContoursToDxfCommand::test_kml_contours_with_projection_options PASSED [ 33%]
tests/test_kml_contours_to_dxf.py::TestKmlContoursToDxfCommand::test_kml_contours_with_extended_data PASSED [ 33%]
tests/test_kml_contours_to_dxf.py::TestKmlContoursToDxfCommand::test_conflicting_projection_options PASSED [ 33%]
tests/test_kml_contours_to_dxf.py::TestKmlContoursToDxfCommand::test_invalid_kml_file PASSED [ 34%]
tests/test_kml_contours_to_dxf.py::TestKmlContoursToDxfCommand::test_invalid_elevation_units PASSED [ 34%]
tests/test_kml_contours_to_dxf.py::TestKmlContoursToDxfCoreFunction::test_convert_kml_contours_basic PASSED [ 34%]
tests/test_kml_contours_to_dxf.py::TestKmlContoursToDxfCoreFunction::test_convert_kml_contours_with_options PASSED [ 34%]
tests/test_kml_contours_to_dxf.py::TestKmlContoursToDxfCoreFunction::test_convert_kml_contours_nonexistent_file PASSED [ 35%]
tests/test_kml_contours_to_dxf.py::TestKmlContoursToDxfCoreFunction::test_convert_kml_contours_invalid_parameters PASSED [ 35%]
tests/test_kml_to_contours.py::TestKmlToContours::test_command_exists PASSED [ 35%]
tests/test_kml_to_contours.py::TestKmlToContours::test_basic_conversion PASSED [ 36%]
tests/test_kml_to_contours.py::TestKmlToContours::test_custom_interval PASSED [ 36%]
tests/test_kml_to_contours.py::TestKmlToContours::test_label_option PASSED [ 36%]
tests/test_kml_to_contours.py::TestKmlToContours::test_elevation_units PASSED [ 37%]
tests/test_kml_to_contours.py::TestKmlToContours::test_grid_resolution PASSED [ 37%]
tests/test_kml_to_contours.py::TestKmlToContours::test_label_height_option PASSED [ 37%]
tests/test_kml_to_contours.py::TestKmlToContours::test_translation_option PASSED [ 37%]
tests/test_kml_to_contours.py::TestKmlToContours::test_projection_option PASSED [ 38%]
tests/test_kml_to_contours.py::TestKmlToContours::test_default_output_file PASSED [ 38%]
tests/test_kml_to_contours.py::TestKmlToContours::test_invalid_input_file PASSED [ 38%]
tests/test_kml_to_contours.py::TestKmlToContours::test_insufficient_points PASSED [ 39%]
tests/test_kml_to_contours.py::TestKmlToContours::test_invalid_interval PASSED [ 39%]
tests/test_kml_to_contours.py::TestGenerateContoursCoreFunction::test_generate_contours_basic PASSED [ 39%]
tests/test_kml_to_contours.py::TestGenerateContoursCoreFunction::test_generate_contours_with_options PASSED [ 40%]
tests/test_kml_to_contours.py::TestGenerateContoursCoreFunction::test_generate_contours_no_labels PASSED [ 40%]
tests/test_kml_to_contours.py::TestGenerateContoursCoreFunction::test_generate_contours_nonexistent_file PASSED [ 40%]
tests/test_kml_to_contours.py::TestGenerateContoursCoreFunction::test_generate_contours_invalid_parameters PASSED [ 41%]
tests/test_kml_to_contours.py::TestGenerateContoursCoreFunction::test_generate_contours_empty_kml PASSED [ 41%]
tests/test_kml_to_contours.py::TestGenerateContoursCoreFunction::test_generate_contours_sparse_data PASSED [ 41%]
tests/test_kml_to_contours.py::TestGenerateContoursCoreFunction::test_generate_contours_progress_callback PASSED [ 41%]
tests/test_kml_to_csv_minimal.py::TestKmlToCsvCommand::test_command_exists PASSED [ 42%]
tests/test_kml_to_csv_minimal.py::TestKmlToCsvCommand::test_command_arguments_and_options PASSED [ 42%]
tests/test_kml_to_csv_minimal.py::TestKmlToCsvCommand::test_command_invocation PASSED [ 42%]
tests/test_kml_to_csv_minimal.py::TestKmlToCsvCommand::test_coordinate_format_options PASSED [ 43%]
tests/test_kml_to_csv_minimal.py::TestKmlToCsvCommand::test_include_attributes_flag PASSED [ 43%]
tests/test_kml_to_mesh.py::TestKmlToMeshCommand::test_command_exists PASSED [ 43%]
tests/test_kml_to_mesh.py::TestKmlToMeshCommand::test_command_arguments_and_options PASSED [ 44%]
tests/test_kml_to_mesh.py::TestKmlToMeshCommand::test_basic_mesh_generation PASSED [ 44%]
tests/test_kml_to_mesh.py::TestKmlToMeshCommand::test_mesh_with_wireframe PASSED [ 44%]
tests/test_kml_to_mesh.py::TestKmlToMeshCommand::test_mesh_without_wireframe PASSED [ 44%]
tests/test_kml_to_mesh.py::TestKmlToMeshCommand::test_elevation_units_conversion PASSED [ 45%]
tests/test_kml_to_mesh.py::TestKmlToMeshCommand::test_custom_layer_and_colors PASSED [ 45%]
tests/test_kml_to_mesh.py::TestKmlToMeshCommand::test_projection_options PASSED [ 45%]
tests/test_kml_to_mesh.py::TestKmlToMeshCommand::test_translation_options PASSED [ 46%]
tests/test_kml_to_mesh.py::TestKmlToMeshCommand::test_default_output_filename PASSED [ 46%]
tests/test_kml_to_mesh.py::TestKmlToMeshCommand::test_invalid_input_file PASSED [ 46%]
tests/test_kml_to_mesh.py::TestKmlToMeshCommand::test_invalid_elevation_units PASSED [ 47%]
tests/test_kml_to_mesh.py::TestKmlToMeshCommand::test_invalid_color_values PASSED [ 47%]
tests/test_kml_to_mesh.py::TestMeshCoreFunction::test_generate_mesh_basic PASSED [ 47%]
tests/test_kml_to_mesh.py::TestMeshCoreFunction::test_generate_mesh_parameter_validation PASSED [ 48%]
tests/test_kml_to_mesh.py::TestMeshCoreFunction::test_generate_mesh_nonexistent_file PASSED [ 48%]
tests/test_kml_to_mesh.py::TestMeshCoreFunction::test_generate_mesh_with_wireframe PASSED [ 48%]
tests/test_kml_to_mesh.py::TestMeshCoreFunction::test_generate_mesh_projection_options PASSED [ 48%]
tests/test_kml_to_mesh.py::TestMeshCoreFunction::test_mesh_triangulation_quality PASSED [ 49%]
tests/test_kml_to_points.py::TestKmlToPoints::test_command_exists PASSED [ 49%]
tests/test_kml_to_points.py::TestKmlToPoints::test_output_formats PASSED [ 49%]
tests/test_kml_to_points.py::TestKmlToPoints::test_point_extraction PASSED [ 50%]
tests/test_kml_to_points.py::TestKmlToPoints::test_default_output_file PASSED [ 50%]
tests/test_kml_to_points.py::TestKmlToPoints::test_elevation_units_conversion PASSED [ 50%]
tests/test_kml_to_points.py::TestKmlToPoints::test_dxf_specific_options PASSED [ 51%]
tests/test_kml_to_points.py::TestKmlToPoints::test_projection_options_conflict PASSED [ 51%]
tests/test_kml_to_points.py::TestKmlToPoints::test_invalid_input_file PASSED [ 51%]
tests/test_kml_to_points.py::TestKmlToPoints::test_invalid_format PASSED [ 51%]
tests/test_kml_to_points.py::TestExtractPointsCoreFunction::test_extract_points_basic PASSED [ 52%]
tests/test_kml_to_points.py::TestExtractPointsCoreFunction::test_extract_points_dxf_format PASSED [ 52%]
tests/test_kml_to_points.py::TestExtractPointsCoreFunction::test_extract_points_json_format PASSED [ 52%]
tests/test_kml_to_points.py::TestExtractPointsCoreFunction::test_extract_points_txt_format PASSED [ 53%]
tests/test_kml_to_points.py::TestExtractPointsCoreFunction::test_extract_points_nonexistent_file PASSED [ 53%]
tests/test_kml_to_points.py::TestExtractPointsCoreFunction::test_extract_points_empty_kml PASSED [ 53%]
tests/test_kml_to_points.py::TestExtractPointsCoreFunction::test_extract_points_invalid_format PASSED [ 54%]
tests/test_kml_to_points.py::TestExtractPointsCoreFunction::test_extract_points_with_elevation_units PASSED [ 54%]
tests/test_multi_csv_to_dxf.py::TestMultiCsvToDxfCommand::test_command_exists PASSED [ 54%]
tests/test_multi_csv_to_dxf.py::TestMultiCsvToDxfCommand::test_command_arguments_and_options PASSED [ 55%]
tests/test_multi_csv_to_dxf.py::TestMultiCsvToDxfCommand::test_basic_multi_csv_merge PASSED [ 55%]
tests/test_multi_csv_to_dxf.py::TestMultiCsvToDxfCommand::test_merge_with_projection_options PASSED [ 55%]
tests/test_multi_csv_to_dxf.py::TestMultiCsvToDxfCommand::test_merge_multiple_csv_files PASSED [ 55%]
tests/test_multi_csv_to_dxf.py::TestMultiCsvToDxfCommand::test_layer_naming_and_colors PASSED [ 56%]
tests/test_multi_csv_to_dxf.py::TestMultiCsvToDxfCommand::test_point_data_preservation PASSED [ 56%]
tests/test_multi_csv_to_dxf.py::TestMultiCsvToDxfCommand::test_conflicting_projection_options PASSED [ 56%]
tests/test_multi_csv_to_dxf.py::TestMultiCsvToDxfCommand::test_invalid_csv_files PASSED [ 57%]
tests/test_multi_csv_to_dxf.py::TestMultiCsvToDxfCommand::test_missing_output_option PASSED [ 57%]
tests/test_multi_csv_to_dxf.py::TestMultiCsvToDxfCommand::test_single_csv_file PASSED [ 57%]
tests/test_multi_csv_to_dxf.py::TestMultiCsvToDxfCommand::test_csv_without_elevation PASSED [ 58%]
tests/test_multi_csv_to_dxf.py::TestMultiCsvToDxfCommand::test_mixed_elevation_files PASSED [ 58%]
tests/test_multi_csv_to_dxf.py::TestMergeCsvToDxfCoreFunction::test_merge_csv_basic PASSED [ 58%]
tests/test_multi_csv_to_dxf.py::TestMergeCsvToDxfCoreFunction::test_merge_csv_with_projection PASSED [ 58%]
tests/test_multi_csv_to_dxf.py::TestMergeCsvToDxfCoreFunction::test_merge_csv_parameter_validation PASSED [ 59%]
tests/test_multi_csv_to_dxf.py::TestMergeCsvToDxfCoreFunction::test_merge_csv_without_elevation PASSED [ 59%]
tests/test_multi_csv_to_dxf.py::TestMergeCsvToDxfCoreFunction::test_merge_csv_nonexistent_files PASSED [ 59%]
tests/test_multi_csv_to_dxf.py::TestMergeCsvToDxfCoreFunction::test_merge_csv_coordinate_translation PASSED [ 60%]
tests/test_multi_csv_to_dxf.py::TestMergeCsvToDxfCoreFunction::test_merge_csv_layer_colors PASSED [ 60%]
tests/test_multi_csv_to_kml.py::TestMultiCsvToKmlCommand::test_command_exists PASSED [ 60%]
tests/test_multi_csv_to_kml.py::TestMultiCsvToKmlCommand::test_command_arguments_and_options PASSED [ 61%]
tests/test_multi_csv_to_kml.py::TestMultiCsvToKmlCommand::test_basic_multi_csv_merge PASSED [ 61%]
tests/test_multi_csv_to_kml.py::TestMultiCsvToKmlCommand::test_merge_with_custom_columns PASSED [ 61%]
tests/test_multi_csv_to_kml.py::TestMultiCsvToKmlCommand::test_merge_with_elevation_units PASSED [ 62%]
tests/test_multi_csv_to_kml.py::TestMultiCsvToKmlCommand::test_merge_with_label_options PASSED [ 62%]
tests/test_multi_csv_to_kml.py::TestMultiCsvToKmlCommand::test_merge_with_point_scale PASSED [ 62%]
tests/test_multi_csv_to_kml.py::TestMultiCsvToKmlCommand::test_merge_multiple_csv_files PASSED [ 62%]
tests/test_multi_csv_to_kml.py::TestMultiCsvToKmlCommand::test_folder_naming_and_styles PASSED [ 63%]
tests/test_multi_csv_to_kml.py::TestMultiCsvToKmlCommand::test_point_data_preservation PASSED [ 63%]
tests/test_multi_csv_to_kml.py::TestMultiCsvToKmlCommand::test_invalid_csv_files PASSED [ 63%]
tests/test_multi_csv_to_kml.py::TestMultiCsvToKmlCommand::test_missing_output_option PASSED [ 64%]
tests/test_multi_csv_to_kml.py::TestMultiCsvToKmlCommand::test_single_csv_file PASSED [ 64%]
tests/test_multi_csv_to_kml.py::TestMultiCsvToKmlCommand::test_invalid_elevation_units PASSED [ 64%]
tests/test_multi_csv_to_kml.py::TestMultiCsvToKmlCommand::test_custom_column_names_with_missing_column PASSED [ 65%]
tests/test_multi_csv_to_kml.py::TestMergeCsvToKmlCoreFunction::test_merge_csv_basic PASSED [ 65%]
tests/test_multi_csv_to_kml.py::TestMergeCsvToKmlCoreFunction::test_merge_csv_with_elevation_units PASSED [ 65%]
tests/test_multi_csv_to_kml.py::TestMergeCsvToKmlCoreFunction::test_merge_csv_with_custom_columns PASSED [ 65%]
tests/test_multi_csv_to_kml.py::TestMergeCsvToKmlCoreFunction::test_merge_csv_parameter_validation PASSED [ 66%]
tests/test_multi_csv_to_kml.py::TestMergeCsvToKmlCoreFunction::test_merge_csv_missing_columns PASSED [ 66%]
tests/test_multi_csv_to_kml.py::TestMergeCsvToKmlCoreFunction::test_merge_csv_nonexistent_files PASSED [ 66%]
tests/test_multi_csv_to_kml.py::TestMergeCsvToKmlCoreFunction::test_merge_csv_labels_and_scale PASSED [ 67%]
tests/test_multi_csv_to_kml.py::TestMergeCsvToKmlCoreFunction::test_merge_csv_kml_structure PASSED [ 67%]
tests/test_multi_csv_to_kml.py::TestMergeCsvToKmlCoreFunction::test_merge_csv_coordinate_conversion PASSED [ 67%]
tests/test_package_structure.py::test_package_directory_exists PASSED    [ 68%]
tests/test_package_structure.py::test_package_has_init PASSED            [ 68%]
tests/test_package_structure.py::test_cli_module_exists PASSED           [ 68%]
tests/test_package_structure.py::test_command_modules_exist PASSED       [ 68%]
tests/test_package_structure.py::test_util_modules_exist PASSED          [ 69%]
tests/test_package_structure.py::test_package_importable PASSED          [ 69%]
tests/test_package_structure.py::test_main_py_exists PASSED              [ 69%]
tests/test_project_structure.py::test_root_files_exist PASSED            [ 70%]
tests/test_project_structure.py::test_pyproject_toml_valid PASSED        [ 70%]
tests/test_project_structure.py::test_gitignore_has_python_patterns PASSED [ 70%]
tests/test_projection_utility.py::TestGetTargetCRS::test_wgs84_flag_returns_4326 PASSED [ 71%]
tests/test_projection_utility.py::TestGetTargetCRS::test_explicit_epsg_overrides_auto_detection PASSED [ 71%]
tests/test_projection_utility.py::TestGetTargetCRS::test_auto_detects_utm_zone_14n PASSED [ 71%]
tests/test_projection_utility.py::TestGetTargetCRS::test_auto_detects_utm_zone_32n PASSED [ 72%]
tests/test_projection_utility.py::TestGetTargetCRS::test_auto_detects_southern_hemisphere PASSED [ 72%]
tests/test_projection_utility.py::TestGetTargetCRS::test_handles_zone_boundary PASSED [ 72%]
tests/test_projection_utility.py::TestDetectUTMZone::test_zone_calculation_examples PASSED [ 72%]
tests/test_projection_utility.py::TestDetectUTMZone::test_edge_cases PASSED [ 73%]
tests/test_projection_utility.py::TestGetTransformer::test_creates_transformer_from_epsg_codes PASSED [ 73%]
tests/test_projection_utility.py::TestGetTransformer::test_creates_transformer_from_crs_objects PASSED [ 73%]
tests/test_projection_utility.py::TestGetTransformer::test_always_xy_true PASSED [ 74%]
tests/test_projection_utility.py::TestTransformCoordinates::test_transforms_multiple_points PASSED [ 74%]
tests/test_projection_utility.py::TestTransformCoordinates::test_handles_empty_list PASSED [ 74%]
tests/test_projection_utility.py::TestMutualExclusivity::test_raises_error_when_both_specified PASSED [ 75%]
tests/test_slope_computation.py::TestComputeSlopeFromPoints::test_basic_computation PASSED [ 75%]
tests/test_slope_computation.py::TestComputeSlopeFromPoints::test_insufficient_points_error PASSED [ 75%]
tests/test_slope_computation.py::TestComputeSlopeFromPoints::test_empty_points_error PASSED [ 75%]
tests/test_slope_computation.py::TestComputeSlopeFromPoints::test_elevation_unit_conversion PASSED [ 76%]
tests/test_slope_computation.py::TestComputeSlopeFromPoints::test_different_slope_units PASSED [ 76%]
tests/test_slope_computation.py::TestComputeSlopeFromPoints::test_grid_resolution_effect PASSED [ 76%]
tests/test_slope_computation.py::TestComputeSlopeFromPoints::test_smoothing_parameter PASSED [ 77%]
tests/test_slope_computation.py::TestComputeSlopeFromPoints::test_slope_statistics PASSED [ 77%]
tests/test_slope_computation.py::TestComputeSlopeFromPoints::test_known_slope_pattern PASSED [ 77%]
tests/test_slope_computation.py::TestComputeSlopeFromPoints::test_projection_info_returned PASSED [ 78%]
tests/test_slope_computation.py::TestComputeSlopeFromPoints::test_interpolation_fallback_sparse_data PASSED [ 78%]
tests/test_slope_computation.py::TestComputeSlopeFromPoints::test_sparse_data_warning PASSED [ 78%]
tests/test_slope_error_handling.py::TestParameterValidation::test_invalid_elevation_units PASSED [ 79%]
tests/test_slope_error_handling.py::TestParameterValidation::test_invalid_slope_units PASSED [ 79%]
tests/test_slope_error_handling.py::TestParameterValidation::test_negative_grid_resolution PASSED [ 79%]
tests/test_slope_error_handling.py::TestParameterValidation::test_zero_grid_resolution PASSED [ 79%]
tests/test_slope_error_handling.py::TestParameterValidation::test_negative_smooth_parameter PASSED [ 80%]
tests/test_slope_error_handling.py::TestCoordinateValidation::test_parse_coordinates_with_spaces PASSED [ 80%]
tests/test_slope_error_handling.py::TestCoordinateValidation::test_parse_coordinates_missing_values PASSED [ 80%]
tests/test_slope_error_handling.py::TestCoordinateValidation::test_parse_coordinates_non_numeric PASSED [ 81%]
tests/test_slope_error_handling.py::TestCoordinateValidation::test_invalid_longitude_range PASSED [ 81%]
tests/test_slope_error_handling.py::TestCoordinateValidation::test_invalid_latitude_range PASSED [ 81%]
tests/test_slope_error_handling.py::TestDataValidation::test_duplicate_points_handling PASSED [ 82%]
tests/test_slope_error_handling.py::TestDataValidation::test_collinear_points_warning PASSED [ 82%]
tests/test_slope_error_handling.py::TestDataValidation::test_extreme_elevation_differences PASSED [ 82%]
tests/test_slope_error_handling.py::TestDataValidation::test_negative_elevations PASSED [ 82%]
tests/test_slope_error_handling.py::TestFileHandling::test_generate_slope_heatmap_missing_file PASSED [ 83%]
tests/test_slope_error_handling.py::TestFileHandling::test_generate_slope_heatmap_invalid_output_dir PASSED [ 83%]
tests/test_slope_error_handling.py::TestFileHandling::test_empty_kml_file PASSED [ 83%]
tests/test_slope_error_handling.py::TestFileHandling::test_malformed_kml_file PASSED [ 84%]
tests/test_slope_error_handling.py::TestRenderValidation::test_render_with_empty_slope_data PASSED [ 84%]
tests/test_slope_error_handling.py::TestRenderValidation::test_render_with_all_nan_data PASSED [ 84%]
tests/test_slope_error_handling.py::TestRenderValidation::test_render_with_invalid_colormap PASSED [ 85%]
tests/test_slope_heatmap.py::TestSlopeHeatmapCommand::test_command_exists PASSED [ 85%]
tests/test_slope_heatmap.py::TestSlopeHeatmapCommand::test_command_arguments_and_options PASSED [ 85%]
tests/test_slope_heatmap.py::TestSlopeHeatmapCommand::test_basic_slope_heatmap_generation PASSED [ 86%]
tests/test_slope_heatmap.py::TestSlopeHeatmapCommand::test_slope_heatmap_with_default_output PASSED [ 86%]
tests/test_slope_heatmap.py::TestSlopeHeatmapCommand::test_slope_heatmap_with_elevation_units PASSED [ 86%]
tests/test_slope_heatmap.py::TestSlopeHeatmapCommand::test_slope_heatmap_with_different_slope_units PASSED [ 86%]
tests/test_slope_heatmap.py::TestSlopeHeatmapCommand::test_slope_heatmap_with_grid_resolution PASSED [ 87%]
tests/test_slope_heatmap.py::TestSlopeHeatmapCommand::test_slope_heatmap_with_smoothing PASSED [ 87%]
tests/test_slope_heatmap.py::TestSlopeHeatmapCommand::test_slope_heatmap_with_contours PASSED [ 87%]
tests/test_slope_heatmap.py::TestSlopeHeatmapCommand::test_slope_heatmap_with_custom_colormap PASSED [ 88%]
tests/test_slope_heatmap.py::TestSlopeHeatmapCommand::test_slope_heatmap_with_custom_dpi PASSED [ 88%]
tests/test_slope_heatmap.py::TestSlopeHeatmapCommand::test_slope_heatmap_with_target_slope PASSED [ 88%]
tests/test_slope_heatmap.py::TestSlopeHeatmapCommand::test_invalid_kml_file PASSED [ 89%]
tests/test_slope_heatmap.py::TestSlopeHeatmapCommand::test_invalid_elevation_units PASSED [ 89%]
tests/test_slope_heatmap.py::TestSlopeHeatmapCommand::test_invalid_slope_units PASSED [ 89%]
tests/test_slope_heatmap.py::TestSlopeHeatmapCoreFunction::test_generate_slope_heatmap_basic PASSED [ 89%]
tests/test_slope_heatmap.py::TestSlopeHeatmapCoreFunction::test_generate_slope_heatmap_with_options PASSED [ 90%]
tests/test_slope_heatmap.py::TestSlopeHeatmapCoreFunction::test_generate_slope_heatmap_nonexistent_file PASSED [ 90%]
tests/test_slope_heatmap.py::TestSlopeHeatmapCoreFunction::test_generate_slope_heatmap_invalid_parameters PASSED [ 90%]
tests/test_slope_heatmap.py::TestSlopeHeatmapUtilityFunctions::test_parse_coordinates_valid PASSED [ 91%]
tests/test_slope_heatmap.py::TestSlopeHeatmapUtilityFunctions::test_parse_coordinates_invalid PASSED [ 91%]
tests/test_slope_heatmap.py::TestSlopeHeatmapUtilityFunctions::test_extract_points_from_kml PASSED [ 91%]
tests/test_slope_heatmap.py::TestSlopeHeatmapUtilityFunctions::test_extract_points_from_nonexistent_kml PASSED [ 92%]
tests/test_slope_heatmap.py::TestSlopeHeatmapUtilityFunctions::test_calculate_slope_degrees PASSED [ 92%]
tests/test_slope_heatmap.py::TestSlopeHeatmapUtilityFunctions::test_calculate_slope_percent PASSED [ 92%]
tests/test_slope_heatmap.py::TestSlopeHeatmapUtilityFunctions::test_calculate_slope_rise_run PASSED [ 93%]
tests/test_slope_heatmap.py::TestSlopeHeatmapUtilityFunctions::test_calculate_slope_with_nan_values PASSED [ 93%]
tests/test_slope_heatmap.py::TestSlopeHeatmapUtilityFunctions::test_calculate_slope_flat_terrain PASSED [ 93%]
tests/test_slope_heatmap.py::TestSlopeHeatmapUtilityFunctions::test_calculate_slope_steep_terrain PASSED [ 93%]
tests/test_slope_heatmap.py::TestSlopeComputationFunctions::test_compute_slope_from_points_basic PASSED [ 94%]
tests/test_slope_heatmap.py::TestSlopeComputationFunctions::test_compute_slope_from_points_with_smoothing PASSED [ 94%]
tests/test_slope_heatmap.py::TestSlopeComputationFunctions::test_compute_slope_from_points_insufficient_data PASSED [ 94%]
tests/test_slope_heatmap.py::TestSlopeComputationFunctions::test_compute_slope_from_points_empty_data PASSED [ 95%]
tests/test_slope_heatmap.py::TestSlopeComputationFunctions::test_compute_slope_from_points_synthetic_patterns PASSED [ 95%]
tests/test_slope_heatmap.py::TestTargetColormap::test_create_target_colormap_returns_tuple PASSED [ 95%]
tests/test_slope_heatmap.py::TestTargetColormap::test_create_target_colormap_target_at_middle PASSED [ 96%]
tests/test_slope_heatmap.py::TestTargetColormap::test_create_target_colormap_target_at_edges PASSED [ 96%]
tests/test_slope_heatmap.py::TestTargetColormap::test_create_target_colormap_clamping_behavior PASSED [ 96%]
tests/test_slope_heatmap.py::TestTargetColormap::test_create_target_colormap_different_ranges PASSED [ 96%]
tests/test_slope_visualization.py::TestRenderSlopeHeatmap::test_basic_rendering PASSED [ 97%]
tests/test_slope_visualization.py::TestRenderSlopeHeatmap::test_rendering_with_target_slope PASSED [ 97%]
tests/test_slope_visualization.py::TestRenderSlopeHeatmap::test_rendering_with_contours PASSED [ 97%]
tests/test_slope_visualization.py::TestRenderSlopeHeatmap::test_different_stats_positions PASSED [ 98%]
tests/test_slope_visualization.py::TestRenderSlopeHeatmap::test_different_slope_units PASSED [ 98%]
tests/test_slope_visualization.py::TestRenderSlopeHeatmap::test_custom_colormap PASSED [ 98%]
tests/test_slope_visualization.py::TestRenderSlopeHeatmap::test_custom_dpi_and_figsize PASSED [ 99%]
tests/test_slope_visualization.py::TestRenderSlopeHeatmap::test_nan_handling_in_visualization 